<?xml version="1.0" encoding="UTF-8"?>
<testsuite errors="0" failures="0" hostname="kks-MacBook-Pro-2.local" name="JUnit Jupiter" skipped="0" tests="0"
  time="0.018" timestamp="2021-09-04T20:49:11">
  <properties>
    <property name="awt.toolkit" value="sun.lwawt.macosx.LWCToolkit"/>
    <property name="file.encoding" value="UTF-8"/>
    <property name="file.encoding.pkg" value="sun.io"/>
    <property name="file.separator" value="/"/>
    <property name="ftp.nonProxyHosts" value="local|*.local|169.254/16|*.169.254/16"/>
    <property name="gopherProxySet" value="false"/>
    <property name="http.nonProxyHosts" value="local|*.local|169.254/16|*.169.254/16"/>
    <property name="java.awt.graphicsenv" value="sun.awt.CGraphicsEnvironment"/>
    <property name="java.awt.printerjob" value="sun.lwawt.macosx.CPrinterJob"/>
    <property name="java.class.path"
      value="/Users/k.k./Downloads/idf-onboarding/idf-onboarding/kiryl-kashuba/kashuba-task-05/build/classes/java/test:/Users/k.k./Downloads/idf-onboarding/idf-onboarding/kiryl-kashuba/kashuba-task-05/build/classes/kotlin/test:/Users/k.k./Downloads/idf-onboarding/idf-onboarding/kiryl-kashuba/kashuba-task-05/build/resources/test:/Users/k.k./Downloads/idf-onboarding/idf-onboarding/kiryl-kashuba/kashuba-task-05/build/classes/java/main:/Users/k.k./Downloads/idf-onboarding/idf-onboarding/kiryl-kashuba/kashuba-task-05/build/classes/kotlin/main:/Users/k.k./Downloads/idf-onboarding/idf-onboarding/kiryl-kashuba/kashuba-task-05/build/resources/main:/Users/k.k./.gradle/caches/modules-2/files-2.1/org.jetbrains.kotlin/kotlin-stdlib-jdk8/1.5.20/636c5653641cd956de9aee5792155b07ea49825e/kotlin-stdlib-jdk8-1.5.20.jar:/Users/k.k./.gradle/caches/modules-2/files-2.1/org.jetbrains.kotlin/kotlin-stdlib-jdk7/1.5.20/218b60e1d446d1e0a18bc7aa8663634b136fbcc5/kotlin-stdlib-jdk7-1.5.20.jar:/Users/k.k./.gradle/caches/modules-2/files-2.1/com.idf.soul/config-spring/3.144.0/d5aa27f1ce2e46ccfccf21d8a921f0f5acf20aca/config-spring-3.144.0.jar:/Users/k.k./.gradle/caches/modules-2/files-2.1/com.fasterxml.jackson.module/jackson-module-kotlin/2.9.10/8bfdd3be3341e4876e58cc4d77dfc089dc4bc8ca/jackson-module-kotlin-2.9.10.jar:/Users/k.k./.gradle/caches/modules-2/files-2.1/com.idf.soul/base-config/3.144.0/a0783b8b92d8843b1cbe4392db3af3c094799680/base-config-3.144.0.jar:/Users/k.k./.gradle/caches/modules-2/files-2.1/org.jetbrains.kotlin/kotlin-reflect/1.5.20/63810951f09a27f7827977f1bc21094042a915e/kotlin-reflect-1.5.20.jar:/Users/k.k./.gradle/caches/modules-2/files-2.1/com.idf.core.domain/document-storage-model/3.144.0/574df5ab1973ec78e3dc6c3ac5ec12eb97d8b3ca/document-storage-model-3.144.0.jar:/Users/k.k./.gradle/caches/modules-2/files-2.1/org.jetbrains.kotlin/kotlin-stdlib/1.5.20/9de35cc611bcecec8edce1d56d8e659953806751/kotlin-stdlib-1.5.20.jar:/Users/k.k./.gradle/caches/modules-2/files-2.1/org.jetbrains.kotlin/kotlin-stdlib-common/1.5.20/3d79dbd48bf605f4aac1e7028981a1953e245cbb/kotlin-stdlib-common-1.5.20.jar:/Users/k.k./.gradle/caches/modules-2/files-2.1/com.idf.soul/config-mongo/3.144.0/9e50220b7be55b26be4045981aa1fac06aa34576/config-mongo-3.144.0.jar:/Users/k.k./.gradle/caches/modules-2/files-2.1/com.idf.soul/mm-logger/3.144.0/138ffb63cb380279f22efeaf9ea01bffc2268917/mm-logger-3.144.0.jar:/Users/k.k./.gradle/caches/modules-2/files-2.1/org.apache.logging.log4j/log4j-core/2.10.0/c90b597163cd28ab6d9687edd53db601b6ea75a1/log4j-core-2.10.0.jar:/Users/k.k./.gradle/caches/modules-2/files-2.1/org.apache.logging.log4j/log4j-jcl/2.10.0/9043310e3e8ed4051391b7498929c15f92bb5a17/log4j-jcl-2.10.0.jar:/Users/k.k./.gradle/caches/modules-2/files-2.1/org.apache.logging.log4j/log4j-api/2.10.0/fec5797a55b786184a537abd39c3fa1449d752d6/log4j-api-2.10.0.jar:/Users/k.k./.gradle/caches/modules-2/files-2.1/com.mm.cfg4j/cfg4j-core/5.0.14/a2b8a6b88075a60f67e0b4a5b39eac17b948c240/cfg4j-core-5.0.14.jar:/Users/k.k./.gradle/caches/modules-2/files-2.1/org.springframework/spring-webflux/5.2.5.RELEASE/4bd7cdc9d9b6df50aad573d5d899322a17a41942/spring-webflux-5.2.5.RELEASE.jar:/Users/k.k./.gradle/caches/modules-2/files-2.1/org.springframework/spring-web/5.2.5.RELEASE/530da67e70ed5e63f7f3e86f4397e1da6c8e1ff4/spring-web-5.2.5.RELEASE.jar:/Users/k.k./.gradle/caches/modules-2/files-2.1/org.springframework/spring-context/5.2.5.RELEASE/3aa9a6364151c9e37f18f78106fc6a32805333a6/spring-context-5.2.5.RELEASE.jar:/Users/k.k./.gradle/caches/modules-2/files-2.1/io.projectreactor.netty/reactor-netty/0.9.6.RELEASE/b98b670a8dc1079b17ff5dd82cc78acac001999a/reactor-netty-0.9.6.RELEASE.jar:/Users/k.k./.gradle/caches/modules-2/files-2.1/io.projectreactor/reactor-core/3.3.4.RELEASE/af99eff1cc01ccae33069e21c1db45328389747e/reactor-core-3.3.4.RELEASE.jar:/Users/k.k./.gradle/caches/modules-2/files-2.1/org.mongodb/mongodb-driver-reactivestreams/4.0.3/d911492e9fd6bafc35dca92fa9006fcf4f4cb1ed/mongodb-driver-reactivestreams-4.0.3.jar:/Users/k.k./.gradle/caches/modules-2/files-2.1/org.mongodb/mongodb-driver-core/4.0.3/f891f531bfbbd320611e545602ac6bb6f8fc6dee/mongodb-driver-core-4.0.3.jar:/Users/k.k./.gradle/caches/modules-2/files-2.1/org.reactivestreams/reactive-streams/1.0.3/d9fb7a7926ffa635b3dcaa5049fb2bfa25b3e7d0/reactive-streams-1.0.3.jar:/Users/k.k./.gradle/caches/modules-2/files-2.1/org.synchronoss.cloud/nio-multipart-parser/1.1.0/c6c417fec6612584b1c34d4dd98c5a4e47e8c754/nio-multipart-parser-1.1.0.jar:/Users/k.k./.gradle/caches/modules-2/files-2.1/com.nhaarman/mockito-kotlin/1.6.0/5709f219f7bbe2022fe3f0495282ca8745ddc310/mockito-kotlin-1.6.0.jar:/Users/k.k./.gradle/caches/modules-2/files-2.1/org.junit.jupiter/junit-jupiter-params/5.5.2/e0659722923bd9fdfa08602e2da22bd5a9d354e8/junit-jupiter-params-5.5.2.jar:/Users/k.k./.gradle/caches/modules-2/files-2.1/org.junit.jupiter/junit-jupiter-engine/5.5.2/f597408bde45371548f9e9791da7981a1134328d/junit-jupiter-engine-5.5.2.jar:/Users/k.k./.gradle/caches/modules-2/files-2.1/org.junit.jupiter/junit-jupiter-api/5.5.2/6393db7e4c0265152d8fc4ff146633d1a7d36c47/junit-jupiter-api-5.5.2.jar:/Users/k.k./.gradle/caches/modules-2/files-2.1/org.mockito/mockito-core/3.1.0/53137a5fccdccb0d907d409dc68a282aab87c968/mockito-core-3.1.0.jar:/Users/k.k./.gradle/caches/modules-2/files-2.1/org.jetbrains/annotations/13.0/919f0dfe192fb4e063e7dacadee7f8bb9a2672a9/annotations-13.0.jar:/Users/k.k./.gradle/caches/modules-2/files-2.1/commons-logging/commons-logging/1.2/4bfc12adfe4842bf07b657f0369c4cb522955686/commons-logging-1.2.jar:/Users/k.k./.gradle/caches/modules-2/files-2.1/org.springframework/spring-aop/5.2.5.RELEASE/4438fdc9914d8fcf5033437c1e915b6f2d9cfb64/spring-aop-5.2.5.RELEASE.jar:/Users/k.k./.gradle/caches/modules-2/files-2.1/org.springframework/spring-beans/5.2.5.RELEASE/6dd11f183d252605e5dae2552cd918b758390139/spring-beans-5.2.5.RELEASE.jar:/Users/k.k./.gradle/caches/modules-2/files-2.1/org.springframework/spring-expression/5.2.5.RELEASE/b763ffd867d55a211e87734cc799513687a6c7bd/spring-expression-5.2.5.RELEASE.jar:/Users/k.k./.gradle/caches/modules-2/files-2.1/org.springframework/spring-core/5.2.5.RELEASE/e207390ac307d282ed565db4df7046df04fc52b/spring-core-5.2.5.RELEASE.jar:/Users/k.k./.gradle/caches/modules-2/files-2.1/com.fasterxml.jackson.datatype/jackson-datatype-jsr310/2.9.10/bf7ea35ca4fafa385701580163ef983622e0bfb1/jackson-datatype-jsr310-2.9.10.jar:/Users/k.k./.gradle/caches/modules-2/files-2.1/com.fasterxml.jackson.core/jackson-databind/2.9.10/e201bb70b7469ba18dd58ed8268aa44e702fa2f0/jackson-databind-2.9.10.jar:/Users/k.k./.gradle/caches/modules-2/files-2.1/com.lmax/disruptor/3.4.2/e2543a63086b4189fbe418d05d56633bc1a815f7/disruptor-3.4.2.jar:/Users/k.k./.gradle/caches/modules-2/files-2.1/org.synchronoss.cloud/nio-stream-storage/1.1.3/986dba5f6e5eed20f0dba6ddc8e8a64a9ebdc2f3/nio-stream-storage-1.1.3.jar:/Users/k.k./.gradle/caches/modules-2/files-2.1/org.slf4j/slf4j-api/1.7.21/139535a69a4239db087de9bab0bee568bf8e0b70/slf4j-api-1.7.21.jar:/Users/k.k./.gradle/caches/modules-2/files-2.1/org.yaml/snakeyaml/1.17/7a27ea250c5130b2922b86dea63cbb1cc10a660c/snakeyaml-1.17.jar:/Users/k.k./.gradle/caches/modules-2/files-2.1/io.dropwizard.metrics/metrics-core/3.1.2/224f03afd2521c6c94632f566beb1bb5ee32cf07/metrics-core-3.1.2.jar:/Users/k.k./.gradle/caches/modules-2/files-2.1/com.github.drapostolos/type-parser/0.6.0/b761ad2eab5d0ae2078b5bc14e2281039c159c83/type-parser-0.6.0.jar:/Users/k.k./.gradle/caches/modules-2/files-2.1/org.json/json/20160212/a742e3f85161835b95877478c5dd5b405cefaab9/json-20160212.jar:/Users/k.k./.gradle/caches/modules-2/files-2.1/com.fasterxml.jackson.core/jackson-annotations/2.9.10/53ab2f0f92e87ea4874c8c6997335c211d81e636/jackson-annotations-2.9.10.jar:/Users/k.k./.gradle/caches/modules-2/files-2.1/com.fasterxml.jackson.core/jackson-core/2.9.10/66b715dec9dd8b0f39f3296e67e05913bf422d0c/jackson-core-2.9.10.jar:/Users/k.k./.gradle/caches/modules-2/files-2.1/org.mongodb/bson/4.0.3/951fdc97185e360a68a34097786b3ceddba718e1/bson-4.0.3.jar:/Users/k.k./.gradle/caches/modules-2/files-2.1/com.google.guava/guava/19.0/6ce200f6b23222af3d8abb6b6459e6c44f4bb0e9/guava-19.0.jar:/Users/k.k./.gradle/caches/modules-2/files-2.1/io.opentracing.contrib/opentracing-mongo-common/0.1.5/403f1fac1a9ca63c25ec05ed980d7705956f25da/opentracing-mongo-common-0.1.5.jar:/Users/k.k./.gradle/caches/modules-2/files-2.1/io.opentracing/opentracing-util/0.33.0/132630f17e198a1748f23ce33597efdf4a807fb9/opentracing-util-0.33.0.jar:/Users/k.k./.gradle/caches/modules-2/files-2.1/io.opentracing/opentracing-noop/0.33.0/74b9950a587f53fbdb48c3f1f84f1ece8c10592/opentracing-noop-0.33.0.jar:/Users/k.k./.gradle/caches/modules-2/files-2.1/io.opentracing/opentracing-api/0.33.0/67336cfb9d93779c02e1fda4c87801d352720eda/opentracing-api-0.33.0.jar:/Users/k.k./.gradle/caches/modules-2/files-2.1/org.junit.platform/junit-platform-engine/1.5.2/d5697f6ebe0b4d08c0210b5b98b4e1a40f40dfc6/junit-platform-engine-1.5.2.jar:/Users/k.k./.gradle/caches/modules-2/files-2.1/org.junit.platform/junit-platform-commons/1.5.2/9703df63b65d415b2a027d43ce908c625b3aedce/junit-platform-commons-1.5.2.jar:/Users/k.k./.gradle/caches/modules-2/files-2.1/org.apiguardian/apiguardian-api/1.1.0/fc9dff4bb36d627bdc553de77e1f17efd790876c/apiguardian-api-1.1.0.jar:/Users/k.k./.gradle/caches/modules-2/files-2.1/org.opentest4j/opentest4j/1.2.0/28c11eb91f9b6d8e200631d46e20a7f407f2a046/opentest4j-1.2.0.jar:/Users/k.k./.gradle/caches/modules-2/files-2.1/net.bytebuddy/byte-buddy/1.9.10/211a2b4d3df1eeef2a6cacf78d74a1f725e7a840/byte-buddy-1.9.10.jar:/Users/k.k./.gradle/caches/modules-2/files-2.1/net.bytebuddy/byte-buddy-agent/1.9.10/9674aba5ee793e54b864952b001166848da0f26b/byte-buddy-agent-1.9.10.jar:/Users/k.k./.gradle/caches/modules-2/files-2.1/org.objenesis/objenesis/2.6/639033469776fd37c08358c6b92a4761feb2af4b/objenesis-2.6.jar:/Users/k.k./.gradle/caches/modules-2/files-2.1/org.springframework/spring-jcl/5.2.5.RELEASE/b841f30defd6508f0c21b8c5490b030eb50ac8cb/spring-jcl-5.2.5.RELEASE.jar:/Users/k.k./.gradle/caches/modules-2/files-2.1/io.netty/netty-codec-http2/4.1.48.Final/f7a0e40d0eea9a60c05f705a128473f08a3de1dc/netty-codec-http2-4.1.48.Final.jar:/Users/k.k./.gradle/caches/modules-2/files-2.1/io.netty/netty-handler-proxy/4.1.48.Final/79910203db6a542189c9aaa9ec187bf5ee16248a/netty-handler-proxy-4.1.48.Final.jar:/Users/k.k./.gradle/caches/modules-2/files-2.1/io.netty/netty-codec-http/4.1.48.Final/8b18499a51367d291efd1f200a4e865370d38738/netty-codec-http-4.1.48.Final.jar:/Users/k.k./.gradle/caches/modules-2/files-2.1/io.netty/netty-handler/4.1.48.Final/d459919c87dc1a2bf400b39053761ecc11c2e436/netty-handler-4.1.48.Final.jar:/Users/k.k./.gradle/caches/modules-2/files-2.1/io.netty/netty-transport-native-epoll/4.1.48.Final/2b25233dda8b986297076a7d62552c1ec2f41ed8/netty-transport-native-epoll-4.1.48.Final-linux-x86_64.jar:/Users/k.k./.gradle/caches/modules-2/files-2.1/io.netty/netty-codec-socks/4.1.48.Final/42b55c9ca8672ebb7160cadf3c70ffc11638f021/netty-codec-socks-4.1.48.Final.jar:/Users/k.k./.gradle/caches/modules-2/files-2.1/io.netty/netty-codec/4.1.48.Final/3142078325d745228da9d6d1f6f9931c63aaba16/netty-codec-4.1.48.Final.jar:/Users/k.k./.gradle/caches/modules-2/files-2.1/io.netty/netty-transport-native-unix-common/4.1.48.Final/fb0a76d5d201b59ec2b3721c66eda737b3176f30/netty-transport-native-unix-common-4.1.48.Final.jar:/Users/k.k./.gradle/caches/modules-2/files-2.1/io.netty/netty-transport/4.1.48.Final/d285e8d9af5be1fc146b91a1b0d211e7a6a7e7d4/netty-transport-4.1.48.Final.jar:/Users/k.k./.gradle/caches/modules-2/files-2.1/io.netty/netty-buffer/4.1.48.Final/7fd3ebb659c628e0158c9c2c971f4d0734d7f4f0/netty-buffer-4.1.48.Final.jar:/Users/k.k./.gradle/caches/modules-2/files-2.1/io.netty/netty-resolver/4.1.48.Final/612ad2acc848ce46496095683eea621094763b80/netty-resolver-4.1.48.Final.jar:/Users/k.k./.gradle/caches/modules-2/files-2.1/io.netty/netty-common/4.1.48.Final/ec27d04fd5e7b65ac171cd64734f9e4f1fc2a286/netty-common-4.1.48.Final.jar:/Users/k.k./.gradle/caches/modules-2/files-2.1/org.junit.platform/junit-platform-console/1.1.1/be5fc85283343805b20707480ba63bb8f6169d01/junit-platform-console-1.1.1.jar:/Users/k.k./.gradle/caches/modules-2/files-2.1/org.junit.platform/junit-platform-launcher/1.1.1/7ba76f577d8a2193f8e6e5a4bd0dd2a30ffce549/junit-platform-launcher-1.1.1.jar:/Users/k.k./.gradle/caches/modules-2/files-2.1/org.junit.platform/junit-platform-engine/1.1.1/62af0a28f8c153b940e8abcb485f25dd07ffe633/junit-platform-engine-1.1.1.jar:/Users/k.k./.gradle/caches/modules-2/files-2.1/org.junit.platform/junit-platform-commons/1.1.1/36fca464a84454cf56ae2759a8ba18d6d99d1113/junit-platform-commons-1.1.1.jar:/Users/k.k./.gradle/caches/modules-2/files-2.1/org.apiguardian/apiguardian-api/1.0.0/3ef5276905e36f4d8055fe3cb0bdcc7503ffc85d/apiguardian-api-1.0.0.jar:/Users/k.k./.gradle/caches/modules-2/files-2.1/org.opentest4j/opentest4j/1.0.0/6f09c598e9ff64bf0ce2fa7e7de49a99ba83c0b4/opentest4j-1.0.0.jar"/>
    <property name="java.class.version" value="52.0"/>
    <property name="java.endorsed.dirs"
      value="/Users/k.k./Library/Java/JavaVirtualMachines/corretto-1.8.0_252/Contents/Home/jre/lib/endorsed"/>
    <property name="java.ext.dirs"
      value="/Users/k.k./Library/Java/Extensions:/Users/k.k./Library/Java/JavaVirtualMachines/corretto-1.8.0_252/Contents/Home/jre/lib/ext:/Library/Java/Extensions:/Network/Library/Java/Extensions:/System/Library/Java/Extensions:/usr/lib/java"/>
    <property name="java.home"
      value="/Users/k.k./Library/Java/JavaVirtualMachines/corretto-1.8.0_252/Contents/Home/jre"/>
    <property name="java.io.tmpdir" value="/var/folders/s5/mps4fz515n5bbtyfd80x7zyr0000gn/T/"/>
    <property name="java.library.path"
      value="/Users/k.k./Library/Java/Extensions:/Library/Java/Extensions:/Network/Library/Java/Extensions:/System/Library/Java/Extensions:/usr/lib/java:."/>
    <property name="java.runtime.name" value="OpenJDK Runtime Environment"/>
    <property name="java.runtime.version" value="1.8.0_252-b09"/>
    <property name="java.specification.name" value="Java Platform API Specification"/>
    <property name="java.specification.vendor" value="Oracle Corporation"/>
    <property name="java.specification.version" value="1.8"/>
    <property name="java.vendor" value="Amazon.com Inc."/>
    <property name="java.vendor.url" value="https://aws.amazon.com/corretto/"/>
    <property name="java.vendor.url.bug" value="https://github.com/corretto/corretto-8/issues/"/>
    <property name="java.version" value="1.8.0_252"/>
    <property name="java.vm.info" value="mixed mode"/>
    <property name="java.vm.name" value="OpenJDK 64-Bit Server VM"/>
    <property name="java.vm.specification.name" value="Java Virtual Machine Specification"/>
    <property name="java.vm.specification.vendor" value="Oracle Corporation"/>
    <property name="java.vm.specification.version" value="1.8"/>
    <property name="java.vm.vendor" value="Amazon.com Inc."/>
    <property name="java.vm.version" value="25.252-b09"/>
    <property name="line.separator" value="
"/>
    <property name="os.arch" value="x86_64"/>
    <property name="os.name" value="Mac OS X"/>
    <property name="os.version" value="10.13.6"/>
    <property name="path.separator" value=":"/>
    <property name="socksNonProxyHosts" value="local|*.local|169.254/16|*.169.254/16"/>
    <property name="sun.arch.data.model" value="64"/>
    <property name="sun.boot.class.path"
      value="/Users/k.k./Library/Java/JavaVirtualMachines/corretto-1.8.0_252/Contents/Home/jre/lib/resources.jar:/Users/k.k./Library/Java/JavaVirtualMachines/corretto-1.8.0_252/Contents/Home/jre/lib/rt.jar:/Users/k.k./Library/Java/JavaVirtualMachines/corretto-1.8.0_252/Contents/Home/jre/lib/sunrsasign.jar:/Users/k.k./Library/Java/JavaVirtualMachines/corretto-1.8.0_252/Contents/Home/jre/lib/jsse.jar:/Users/k.k./Library/Java/JavaVirtualMachines/corretto-1.8.0_252/Contents/Home/jre/lib/jce.jar:/Users/k.k./Library/Java/JavaVirtualMachines/corretto-1.8.0_252/Contents/Home/jre/lib/charsets.jar:/Users/k.k./Library/Java/JavaVirtualMachines/corretto-1.8.0_252/Contents/Home/jre/lib/jfr.jar:/Users/k.k./Library/Java/JavaVirtualMachines/corretto-1.8.0_252/Contents/Home/jre/classes"/>
    <property name="sun.boot.library.path"
      value="/Users/k.k./Library/Java/JavaVirtualMachines/corretto-1.8.0_252/Contents/Home/jre/lib"/>
    <property name="sun.cpu.endian" value="little"/>
    <property name="sun.cpu.isalist" value=""/>
    <property name="sun.io.unicode.encoding" value="UnicodeBig"/>
    <property name="sun.java.command"
      value="org.junit.platform.console.ConsoleLauncher --details NONE --scan-class-path /Users/k.k./Downloads/idf-onboarding/idf-onboarding/kiryl-kashuba/kashuba-task-05/build/classes/java/main:/Users/k.k./Downloads/idf-onboarding/idf-onboarding/kiryl-kashuba/kashuba-task-05/build/classes/kotlin/main:/Users/k.k./Downloads/idf-onboarding/idf-onboarding/kiryl-kashuba/kashuba-task-05/build/resources/main:/Users/k.k./Downloads/idf-onboarding/idf-onboarding/kiryl-kashuba/kashuba-task-05/build/classes/java/test:/Users/k.k./Downloads/idf-onboarding/idf-onboarding/kiryl-kashuba/kashuba-task-05/build/classes/kotlin/test:/Users/k.k./Downloads/idf-onboarding/idf-onboarding/kiryl-kashuba/kashuba-task-05/build/resources/test -n ^.*Tests?$ --reports-dir /Users/k.k./Downloads/idf-onboarding/idf-onboarding/kiryl-kashuba/kashuba-task-05/build/test-results/junit-platform"/>
    <property name="sun.java.launcher" value="SUN_STANDARD"/>
    <property name="sun.jnu.encoding" value="UTF-8"/>
    <property name="sun.management.compiler" value="HotSpot 64-Bit Tiered Compilers"/>
    <property name="sun.os.patch.level" value="unknown"/>
    <property name="user.country" value="BY"/>
    <property name="user.dir"
      value="/Users/k.k./Downloads/idf-onboarding/idf-onboarding/kiryl-kashuba/kashuba-task-05"/>
    <property name="user.home" value="/Users/k.k."/>
    <property name="user.language" value="en"/>
    <property name="user.name" value="k.k."/>
    <property name="user.timezone" value="Europe/Minsk"/>
    <property name="user.variant" value=""/>
  </properties>
  <system-out><![CDATA[
unique-id: [engine:junit-jupiter]
display-name: JUnit Jupiter
]]></system-out>
</testsuite>
